[2016-07-18 13:36:02] local.ERROR: exception 'ElephantIO\Exception\ServerConnectionFailureException' with message 'An error occurred while trying to establish a connection to the server' in C:\larasocial\vendor\wisembly\elephant.io\src\Engine\SocketIO\Version1X.php:144
Stack trace:
#0 C:\larasocial\vendor\wisembly\elephant.io\src\Engine\SocketIO\Version1X.php(48): ElephantIO\Engine\SocketIO\Version1X->handshake()
#1 C:\larasocial\vendor\wisembly\elephant.io\src\Client.php(55): ElephantIO\Engine\SocketIO\Version1X->connect()
#2 C:\larasocial\app\Realtime\Realtime.php(29): ElephantIO\Client->initialize()
#3 C:\larasocial\app\Realtime\Events.php(20): App\Realtime\Realtime->broadcastToAll(Array, 22, '32', true)
#4 C:\larasocial\app\Commands\LoginUserCommand.php(53): App\Realtime\Events->updateChatStatusBar(Array, 22, '32', true)
#5 [internal function]: App\Commands\LoginUserCommand->handle()
#6 C:\larasocial\vendor\compiled.php(925): call_user_func_array(Array, Array)
#7 C:\larasocial\vendor\compiled.php(8916): Illuminate\Container\Container->call(Array)
#8 [internal function]: Illuminate\Bus\Dispatcher->Illuminate\Bus\{closure}(Object(App\Commands\LoginUserCommand))
#9 C:\larasocial\vendor\compiled.php(9053): call_user_func(Object(Closure), Object(App\Commands\LoginUserCommand))
#10 [internal function]: Illuminate\Pipeline\Pipeline->Illuminate\Pipeline\{closure}(Object(App\Commands\LoginUserCommand))
#11 C:\larasocial\vendor\compiled.php(9036): call_user_func(Object(Closure), Object(App\Commands\LoginUserCommand))
#12 C:\larasocial\vendor\compiled.php(8923): Illuminate\Pipeline\Pipeline->then(Object(Closure))
#13 C:\larasocial\vendor\compiled.php(8909): Illuminate\Bus\Dispatcher->dispatchNow(Object(App\Commands\LoginUserCommand), NULL)
#14 C:\larasocial\vendor\compiled.php(8874): Illuminate\Bus\Dispatcher->dispatch(Object(App\Commands\LoginUserCommand))
#15 C:\larasocial\vendor\compiled.php(4802): Illuminate\Bus\Dispatcher->dispatchFrom('App\\Commands\\Lo...', Object(App\Http\Requests\CreateSessionRequest), Array)
#16 C:\larasocial\app\Http\Controllers\SessionController.php(20): App\Http\Controllers\Controller->dispatchFrom('App\\Commands\\Lo...', Object(App\Http\Requests\CreateSessionRequest))
#17 [internal function]: App\Http\Controllers\SessionController->store(Object(App\Http\Requests\CreateSessionRequest))
#18 C:\larasocial\vendor\compiled.php(8373): call_user_func_array(Array, Array)
#19 C:\larasocial\vendor\compiled.php(8440): Illuminate\Routing\Controller->callAction('store', Array)
#20 C:\larasocial\vendor\compiled.php(8419): Illuminate\Routing\ControllerDispatcher->call(Object(App\Http\Controllers\SessionController), Object(Illuminate\Routing\Route), 'store')
#21 [internal function]: Illuminate\Routing\ControllerDispatcher->Illuminate\Routing\{closure}(Object(Illuminate\Http\Request))
#22 C:\larasocial\vendor\compiled.php(9053): call_user_func(Object(Closure), Object(Illuminate\Http\Request))
#23 [internal function]: Illuminate\Pipeline\Pipeline->Illuminate\Pipeline\{closure}(Object(Illuminate\Http\Request))
#24 C:\larasocial\vendor\compiled.php(9036): call_user_func(Object(Closure), Object(Illuminate\Http\Request))
#25 C:\larasocial\vendor\compiled.php(8420): Illuminate\Pipeline\Pipeline->then(Object(Closure))
#26 C:\larasocial\vendor\compiled.php(8406): Illuminate\Routing\ControllerDispatcher->callWithinStack(Object(App\Http\Controllers\SessionController), Object(Illuminate\Routing\Route), Object(Illuminate\Http\Request), 'store')
#27 C:\larasocial\vendor\compiled.php(7404): Illuminate\Routing\ControllerDispatcher->dispatch(Object(Illuminate\Routing\Route), Object(Illuminate\Http\Request), 'App\\Http\\Contro...', 'store')
#28 C:\larasocial\vendor\compiled.php(7375): Illuminate\Routing\Route->runWithCustomDispatcher(Object(Illuminate\Http\Request))
#29 C:\larasocial\vendor\compiled.php(7041): Illuminate\Routing\Route->run(Object(Illuminate\Http\Request))
#30 [internal function]: Illuminate\Routing\Router->Illuminate\Routing\{closure}(Object(Illuminate\Http\Request))
#31 C:\larasocial\vendor\compiled.php(9053): call_user_func(Object(Closure), Object(Illuminate\Http\Request))
#32 [internal function]: Illuminate\Pipeline\Pipeline->Illuminate\Pipeline\{closure}(Object(Illuminate\Http\Request))
#33 C:\larasocial\vendor\compiled.php(9036): call_user_func(Object(Closure), Object(Illuminate\Http\Request))
#34 C:\larasocial\vendor\compiled.php(7042): Illuminate\Pipeline\Pipeline->then(Object(Closure))
#35 C:\larasocial\vendor\compiled.php(7031): Illuminate\Routing\Router->runRouteWithinStack(Object(Illuminate\Routing\Route), Object(Illuminate\Http\Request))
#36 C:\larasocial\vendor\compiled.php(7016): Illuminate\Routing\Router->dispatchToRoute(Object(Illuminate\Http\Request))
#37 C:\larasocial\vendor\compiled.php(1989): Illuminate\Routing\Router->dispatch(Object(Illuminate\Http\Request))
#38 [internal function]: Illuminate\Foundation\Http\Kernel->Illuminate\Foundation\Http\{closure}(Object(Illuminate\Http\Request))
#39 C:\larasocial\vendor\compiled.php(9053): call_user_func(Object(Closure), Object(Illuminate\Http\Request))
#40 C:\larasocial\app\Http\Middleware\CustomVerifyCsrfToken.php(36): Illuminate\Pipeline\Pipeline->Illuminate\Pipeline\{closure}(Object(Illuminate\Http\Request))
#41 C:\larasocial\vendor\compiled.php(9045): App\Http\Middleware\CustomVerifyCsrfToken->handle(Object(Illuminate\Http\Request), Object(Closure))
#42 C:\larasocial\vendor\compiled.php(12202): Illuminate\Pipeline\Pipeline->Illuminate\Pipeline\{closure}(Object(Illuminate\Http\Request))
#43 C:\larasocial\vendor\compiled.php(9045): Illuminate\View\Middleware\ShareErrorsFromSession->handle(Object(Illuminate\Http\Request), Object(Closure))
#44 C:\larasocial\vendor\compiled.php(10903): Illuminate\Pipeline\Pipeline->Illuminate\Pipeline\{closure}(Object(Illuminate\Http\Request))
#45 C:\larasocial\vendor\compiled.php(9045): Illuminate\Session\Middleware\StartSession->handle(Object(Illuminate\Http\Request), Object(Closure))
#46 C:\larasocial\vendor\compiled.php(11908): Illuminate\Pipeline\Pipeline->Illuminate\Pipeline\{closure}(Object(Illuminate\Http\Request))
#47 C:\larasocial\vendor\compiled.php(9045): Illuminate\Cookie\Middleware\AddQueuedCookiesToResponse->handle(Object(Illuminate\Http\Request), Object(Closure))
#48 C:\larasocial\vendor\compiled.php(11857): Illuminate\Pipeline\Pipeline->Illuminate\Pipeline\{closure}(Object(Illuminate\Http\Request))
#49 C:\larasocial\vendor\compiled.php(9045): Illuminate\Cookie\Middleware\EncryptCookies->handle(Object(Illuminate\Http\Request), Object(Closure))
#50 C:\larasocial\vendor\compiled.php(2532): Illuminate\Pipeline\Pipeline->Illuminate\Pipeline\{closure}(Object(Illuminate\Http\Request))
#51 C:\larasocial\vendor\compiled.php(9045): Illuminate\Foundation\Http\Middleware\CheckForMaintenanceMode->handle(Object(Illuminate\Http\Request), Object(Closure))
#52 [internal function]: Illuminate\Pipeline\Pipeline->Illuminate\Pipeline\{closure}(Object(Illuminate\Http\Request))
#53 C:\larasocial\vendor\compiled.php(9036): call_user_func(Object(Closure), Object(Illuminate\Http\Request))
#54 C:\larasocial\vendor\compiled.php(1945): Illuminate\Pipeline\Pipeline->then(Object(Closure))
#55 C:\larasocial\vendor\compiled.php(1932): Illuminate\Foundation\Http\Kernel->sendRequestThroughRouter(Object(Illuminate\Http\Request))
#56 C:\larasocial\public\index.php(53): Illuminate\Foundation\Http\Kernel->handle(Object(Illuminate\Http\Request))
#57 C:\larasocial\server.php(21): require_once('C:\\larasocial\\p...')
#58 {main}  
[2016-07-18 13:36:42] local.ERROR: exception 'Symfony\Component\Debug\Exception\FatalErrorException' with message 'Class 'TokenMismatchException' not found' in C:\larasocial\app\Http\Middleware\CustomVerifyCsrfToken.php:38
Stack trace:
#0 {main}  
[2016-07-18 13:36:55] local.ERROR: exception 'ElephantIO\Exception\ServerConnectionFailureException' with message 'An error occurred while trying to establish a connection to the server' in C:\larasocial\vendor\wisembly\elephant.io\src\Engine\SocketIO\Version1X.php:144
Stack trace:
#0 C:\larasocial\vendor\wisembly\elephant.io\src\Engine\SocketIO\Version1X.php(48): ElephantIO\Engine\SocketIO\Version1X->handshake()
#1 C:\larasocial\vendor\wisembly\elephant.io\src\Client.php(55): ElephantIO\Engine\SocketIO\Version1X->connect()
#2 C:\larasocial\app\Realtime\Realtime.php(29): ElephantIO\Client->initialize()
#3 C:\larasocial\app\Realtime\Events.php(20): App\Realtime\Realtime->broadcastToAll(Array, 22, '32', true)
#4 C:\larasocial\app\Commands\LoginUserCommand.php(53): App\Realtime\Events->updateChatStatusBar(Array, 22, '32', true)
#5 [internal function]: App\Commands\LoginUserCommand->handle()
#6 C:\larasocial\vendor\compiled.php(925): call_user_func_array(Array, Array)
#7 C:\larasocial\vendor\compiled.php(8916): Illuminate\Container\Container->call(Array)
#8 [internal function]: Illuminate\Bus\Dispatcher->Illuminate\Bus\{closure}(Object(App\Commands\LoginUserCommand))
#9 C:\larasocial\vendor\compiled.php(9053): call_user_func(Object(Closure), Object(App\Commands\LoginUserCommand))
#10 [internal function]: Illuminate\Pipeline\Pipeline->Illuminate\Pipeline\{closure}(Object(App\Commands\LoginUserCommand))
#11 C:\larasocial\vendor\compiled.php(9036): call_user_func(Object(Closure), Object(App\Commands\LoginUserCommand))
#12 C:\larasocial\vendor\compiled.php(8923): Illuminate\Pipeline\Pipeline->then(Object(Closure))
#13 C:\larasocial\vendor\compiled.php(8909): Illuminate\Bus\Dispatcher->dispatchNow(Object(App\Commands\LoginUserCommand), NULL)
#14 C:\larasocial\vendor\compiled.php(8874): Illuminate\Bus\Dispatcher->dispatch(Object(App\Commands\LoginUserCommand))
#15 C:\larasocial\vendor\compiled.php(4802): Illuminate\Bus\Dispatcher->dispatchFrom('App\\Commands\\Lo...', Object(App\Http\Requests\CreateSessionRequest), Array)
#16 C:\larasocial\app\Http\Controllers\SessionController.php(20): App\Http\Controllers\Controller->dispatchFrom('App\\Commands\\Lo...', Object(App\Http\Requests\CreateSessionRequest))
#17 [internal function]: App\Http\Controllers\SessionController->store(Object(App\Http\Requests\CreateSessionRequest))
#18 C:\larasocial\vendor\compiled.php(8373): call_user_func_array(Array, Array)
#19 C:\larasocial\vendor\compiled.php(8440): Illuminate\Routing\Controller->callAction('store', Array)
#20 C:\larasocial\vendor\compiled.php(8419): Illuminate\Routing\ControllerDispatcher->call(Object(App\Http\Controllers\SessionController), Object(Illuminate\Routing\Route), 'store')
#21 [internal function]: Illuminate\Routing\ControllerDispatcher->Illuminate\Routing\{closure}(Object(Illuminate\Http\Request))
#22 C:\larasocial\vendor\compiled.php(9053): call_user_func(Object(Closure), Object(Illuminate\Http\Request))
#23 [internal function]: Illuminate\Pipeline\Pipeline->Illuminate\Pipeline\{closure}(Object(Illuminate\Http\Request))
#24 C:\larasocial\vendor\compiled.php(9036): call_user_func(Object(Closure), Object(Illuminate\Http\Request))
#25 C:\larasocial\vendor\compiled.php(8420): Illuminate\Pipeline\Pipeline->then(Object(Closure))
#26 C:\larasocial\vendor\compiled.php(8406): Illuminate\Routing\ControllerDispatcher->callWithinStack(Object(App\Http\Controllers\SessionController), Object(Illuminate\Routing\Route), Object(Illuminate\Http\Request), 'store')
#27 C:\larasocial\vendor\compiled.php(7404): Illuminate\Routing\ControllerDispatcher->dispatch(Object(Illuminate\Routing\Route), Object(Illuminate\Http\Request), 'App\\Http\\Contro...', 'store')
#28 C:\larasocial\vendor\compiled.php(7375): Illuminate\Routing\Route->runWithCustomDispatcher(Object(Illuminate\Http\Request))
#29 C:\larasocial\vendor\compiled.php(7041): Illuminate\Routing\Route->run(Object(Illuminate\Http\Request))
#30 [internal function]: Illuminate\Routing\Router->Illuminate\Routing\{closure}(Object(Illuminate\Http\Request))
#31 C:\larasocial\vendor\compiled.php(9053): call_user_func(Object(Closure), Object(Illuminate\Http\Request))
#32 [internal function]: Illuminate\Pipeline\Pipeline->Illuminate\Pipeline\{closure}(Object(Illuminate\Http\Request))
#33 C:\larasocial\vendor\compiled.php(9036): call_user_func(Object(Closure), Object(Illuminate\Http\Request))
#34 C:\larasocial\vendor\compiled.php(7042): Illuminate\Pipeline\Pipeline->then(Object(Closure))
#35 C:\larasocial\vendor\compiled.php(7031): Illuminate\Routing\Router->runRouteWithinStack(Object(Illuminate\Routing\Route), Object(Illuminate\Http\Request))
#36 C:\larasocial\vendor\compiled.php(7016): Illuminate\Routing\Router->dispatchToRoute(Object(Illuminate\Http\Request))
#37 C:\larasocial\vendor\compiled.php(1989): Illuminate\Routing\Router->dispatch(Object(Illuminate\Http\Request))
#38 [internal function]: Illuminate\Foundation\Http\Kernel->Illuminate\Foundation\Http\{closure}(Object(Illuminate\Http\Request))
#39 C:\larasocial\vendor\compiled.php(9053): call_user_func(Object(Closure), Object(Illuminate\Http\Request))
#40 C:\larasocial\app\Http\Middleware\CustomVerifyCsrfToken.php(36): Illuminate\Pipeline\Pipeline->Illuminate\Pipeline\{closure}(Object(Illuminate\Http\Request))
#41 C:\larasocial\vendor\compiled.php(9045): App\Http\Middleware\CustomVerifyCsrfToken->handle(Object(Illuminate\Http\Request), Object(Closure))
#42 C:\larasocial\vendor\compiled.php(12202): Illuminate\Pipeline\Pipeline->Illuminate\Pipeline\{closure}(Object(Illuminate\Http\Request))
#43 C:\larasocial\vendor\compiled.php(9045): Illuminate\View\Middleware\ShareErrorsFromSession->handle(Object(Illuminate\Http\Request), Object(Closure))
#44 C:\larasocial\vendor\compiled.php(10903): Illuminate\Pipeline\Pipeline->Illuminate\Pipeline\{closure}(Object(Illuminate\Http\Request))
#45 C:\larasocial\vendor\compiled.php(9045): Illuminate\Session\Middleware\StartSession->handle(Object(Illuminate\Http\Request), Object(Closure))
#46 C:\larasocial\vendor\compiled.php(11908): Illuminate\Pipeline\Pipeline->Illuminate\Pipeline\{closure}(Object(Illuminate\Http\Request))
#47 C:\larasocial\vendor\compiled.php(9045): Illuminate\Cookie\Middleware\AddQueuedCookiesToResponse->handle(Object(Illuminate\Http\Request), Object(Closure))
#48 C:\larasocial\vendor\compiled.php(11857): Illuminate\Pipeline\Pipeline->Illuminate\Pipeline\{closure}(Object(Illuminate\Http\Request))
#49 C:\larasocial\vendor\compiled.php(9045): Illuminate\Cookie\Middleware\EncryptCookies->handle(Object(Illuminate\Http\Request), Object(Closure))
#50 C:\larasocial\vendor\compiled.php(2532): Illuminate\Pipeline\Pipeline->Illuminate\Pipeline\{closure}(Object(Illuminate\Http\Request))
#51 C:\larasocial\vendor\compiled.php(9045): Illuminate\Foundation\Http\Middleware\CheckForMaintenanceMode->handle(Object(Illuminate\Http\Request), Object(Closure))
#52 [internal function]: Illuminate\Pipeline\Pipeline->Illuminate\Pipeline\{closure}(Object(Illuminate\Http\Request))
#53 C:\larasocial\vendor\compiled.php(9036): call_user_func(Object(Closure), Object(Illuminate\Http\Request))
#54 C:\larasocial\vendor\compiled.php(1945): Illuminate\Pipeline\Pipeline->then(Object(Closure))
#55 C:\larasocial\vendor\compiled.php(1932): Illuminate\Foundation\Http\Kernel->sendRequestThroughRouter(Object(Illuminate\Http\Request))
#56 C:\larasocial\public\index.php(53): Illuminate\Foundation\Http\Kernel->handle(Object(Illuminate\Http\Request))
#57 C:\larasocial\server.php(21): require_once('C:\\larasocial\\p...')
#58 {main}  
[2016-07-18 13:37:29] local.ERROR: exception 'Symfony\Component\Debug\Exception\FatalErrorException' with message 'Class 'TokenMismatchException' not found' in C:\larasocial\app\Http\Middleware\CustomVerifyCsrfToken.php:38
Stack trace:
#0 {main}  
[2016-07-18 13:40:13] local.DEBUG: Message-ID: <d83887d51cafc823cd87879d7da2fbf0@localhost>
Date: Mon, 18 Jul 2016 13:40:13 +0000
Subject: Welcome to Larasocial
From: Support <support@larasocial.com>
To: nal_dn@yahoo.com
MIME-Version: 1.0
Content-Type: text/html; charset=utf-8
Content-Transfer-Encoding: quoted-printable

We are glad to have you here:)  
[2016-07-18 13:52:13] local.DEBUG: Message-ID: <1f854bb553a5280ad38ce1a89ef9e8dd@localhost>
Date: Mon, 18 Jul 2016 13:52:13 +0000
Subject: Someone would like to be your friend
From: Support <support@larasocial.com>
To: nal_dn@yahoo.com
MIME-Version: 1.0
Content-Type: text/html; charset=utf-8
Content-Transfer-Encoding: quoted-printable

Hey nguyen, kevin wants to be your friend!  
